c:\users\jadob\onedrive\documents\wavemetrics\xop toolkit 7\igorxops7\twophotonxop\vc\twophoton.bsc
c:\users\jadob\onedrive\documents\wavemetrics\xop toolkit 7\igorxops7\twophotonxop\vc\release\vc143.pdb
c:\users\jadob\onedrive\documents\wavemetrics\xop toolkit 7\igorxops7\twophotonxop\vc\release\filter.sbr
c:\users\jadob\onedrive\documents\wavemetrics\xop toolkit 7\igorxops7\twophotonxop\vc\release\kalman.sbr
c:\users\jadob\onedrive\documents\wavemetrics\xop toolkit 7\igorxops7\twophotonxop\vc\release\lsmutilties.sbr
c:\users\jadob\onedrive\documents\wavemetrics\xop toolkit 7\igorxops7\twophotonxop\vc\release\parsewavepath.sbr
c:\users\jadob\onedrive\documents\wavemetrics\xop toolkit 7\igorxops7\twophotonxop\vc\release\projectimage.sbr
c:\users\jadob\onedrive\documents\wavemetrics\xop toolkit 7\igorxops7\twophotonxop\vc\release\twophoton.sbr
c:\users\jadob\onedrive\documents\wavemetrics\xop toolkit 7\igorxops7\twophotonxop\vc\release\twophoton.obj
c:\users\jadob\onedrive\documents\wavemetrics\xop toolkit 7\igorxops7\twophotonxop\vc\release\projectimage.obj
c:\users\jadob\onedrive\documents\wavemetrics\xop toolkit 7\igorxops7\twophotonxop\vc\release\parsewavepath.obj
c:\users\jadob\onedrive\documents\wavemetrics\xop toolkit 7\igorxops7\twophotonxop\vc\release\lsmutilties.obj
c:\users\jadob\onedrive\documents\wavemetrics\xop toolkit 7\igorxops7\twophotonxop\vc\release\kalman.obj
c:\users\jadob\onedrive\documents\wavemetrics\xop toolkit 7\igorxops7\twophotonxop\vc\release\filter.obj
c:\users\jadob\onedrive\documents\wavemetrics\xop toolkit 7\igorxops7\twophotonxop\vc\twophoton.xop
c:\users\jadob\onedrive\documents\wavemetrics\xop toolkit 7\igorxops7\twophotonxop\vc\twophoton.pdb
c:\users\jadob\onedrive\documents\wavemetrics\xop toolkit 7\igorxops7\twophotonxop\vc\release\twophoton.res
c:\users\jadob\onedrive\documents\wavemetrics\xop toolkit 7\igorxops7\twophotonxop\vc\release\twophoton.lib
c:\users\jadob\onedrive\documents\wavemetrics\xop toolkit 7\igorxops7\twophotonxop\vc\release\twophoton.exp
c:\users\jadob\onedrive\documents\wavemetrics\xop toolkit 7\igorxops7\twophotonxop\vc\release\twophoton.tlog\bscmake.command.1.tlog
c:\users\jadob\onedrive\documents\wavemetrics\xop toolkit 7\igorxops7\twophotonxop\vc\release\twophoton.tlog\bscmake.read.1.tlog
c:\users\jadob\onedrive\documents\wavemetrics\xop toolkit 7\igorxops7\twophotonxop\vc\release\twophoton.tlog\bscmake.write.1.tlog
c:\users\jadob\onedrive\documents\wavemetrics\xop toolkit 7\igorxops7\twophotonxop\vc\release\twophoton.tlog\cl.command.1.tlog
c:\users\jadob\onedrive\documents\wavemetrics\xop toolkit 7\igorxops7\twophotonxop\vc\release\twophoton.tlog\cl.items.tlog
c:\users\jadob\onedrive\documents\wavemetrics\xop toolkit 7\igorxops7\twophotonxop\vc\release\twophoton.tlog\cl.read.1.tlog
c:\users\jadob\onedrive\documents\wavemetrics\xop toolkit 7\igorxops7\twophotonxop\vc\release\twophoton.tlog\cl.write.1.tlog
c:\users\jadob\onedrive\documents\wavemetrics\xop toolkit 7\igorxops7\twophotonxop\vc\release\twophoton.tlog\link.command.1.tlog
c:\users\jadob\onedrive\documents\wavemetrics\xop toolkit 7\igorxops7\twophotonxop\vc\release\twophoton.tlog\link.read.1.tlog
c:\users\jadob\onedrive\documents\wavemetrics\xop toolkit 7\igorxops7\twophotonxop\vc\release\twophoton.tlog\link.secondary.1.tlog
c:\users\jadob\onedrive\documents\wavemetrics\xop toolkit 7\igorxops7\twophotonxop\vc\release\twophoton.tlog\link.write.1.tlog
c:\users\jadob\onedrive\documents\wavemetrics\xop toolkit 7\igorxops7\twophotonxop\vc\release\twophoton.tlog\rc.command.1.tlog
c:\users\jadob\onedrive\documents\wavemetrics\xop toolkit 7\igorxops7\twophotonxop\vc\release\twophoton.tlog\rc.read.1.tlog
c:\users\jadob\onedrive\documents\wavemetrics\xop toolkit 7\igorxops7\twophotonxop\vc\release\twophoton.tlog\rc.write.1.tlog
